<?xml version="1.0" encoding="UTF-8"?>
<!-- Generated by org.testng.reporters.JUnitReportReporter -->
<testsuite hostname="DESKTOP-KQBH998" failures="0" tests="1" name="basic.ParametersTest" time="0.017" errors="0" timestamp="1 Mar 2024 10:17:58 GMT">
  <testcase classname="basic.ParametersTest" name="login" time="0.017"/>
</testsuite> <!-- basic.ParametersTest -->
