<?xml version="1.0" encoding="UTF-8"?>
<!-- Generated by org.testng.reporters.JUnitReportReporter -->
<testsuite hostname="DESKTOP-KQBH998" failures="0" tests="5" name="Hybrid" time="5.694" errors="0" timestamp="15 Mar 2024 10:12:31 GMT">
  <testcase classname="Hybrid" name="test" time="1.550"/>
  <testcase classname="Hybrid" name="test" time="2.022"/>
  <testcase classname="Hybrid" name="test" time="0.118"/>
  <testcase classname="Hybrid" name="test" time="0.115"/>
  <testcase classname="Hybrid" name="test" time="1.889"/>
</testsuite> <!-- Hybrid -->
